2021-05-29T15:16:10,884 WARN  [main]: aseConfiguration$JpaWebConfiguration - spring.jpa.open-in-view is enabled by default. Therefore, database queries may be performed during view rendering. Explicitly configure spring.jpa.open-in-view to disable this warning 
2021-05-29T15:16:16,517 TRACE [main]: UserServiceImpl                      - User service - find by username Greg 
2021-05-29T15:20:00,949 WARN  [main]: aseConfiguration$JpaWebConfiguration - spring.jpa.open-in-view is enabled by default. Therefore, database queries may be performed during view rendering. Explicitly configure spring.jpa.open-in-view to disable this warning 
2021-05-29T15:20:06,215 TRACE [main]: UserServiceImpl                      - User service - find by username Greg 
2021-05-29T15:20:06,866 TRACE [main]: ConferenceServiceImpl                - Conference service - filter - pcmembers for specific paper - cid 2, pid 1 
2021-05-29T15:20:06,874 TRACE [main]: ConferenceRepoImpl                   - Searching conference by id - 2 WITH CHAIRS AND PCMEMBERS 
2021-05-29T15:20:06,953 TRACE [main]: ConferenceServiceImpl                - Conference service - filter - pcmembers for specific paper 
2021-05-29T15:22:15,373 WARN  [main]: aseConfiguration$JpaWebConfiguration - spring.jpa.open-in-view is enabled by default. Therefore, database queries may be performed during view rendering. Explicitly configure spring.jpa.open-in-view to disable this warning 
2021-05-29T15:22:20,822 TRACE [main]: UserServiceImpl                      - User service - find by username Greg 
2021-05-29T15:22:21,377 TRACE [main]: ConferenceServiceImpl                - Conference service - filter - pcmembers for specific paper - cid 2, pid 1 
2021-05-29T15:22:21,386 TRACE [main]: ConferenceRepoImpl                   - Searching conference by id - 2 WITH CHAIRS AND PCMEMBERS 
2021-05-29T15:22:21,429 TRACE [main]: ConferenceServiceImpl                - Conference service - filter - pcmembers for specific paper 
2021-05-29T15:27:53,809 WARN  [main]: aseConfiguration$JpaWebConfiguration - spring.jpa.open-in-view is enabled by default. Therefore, database queries may be performed during view rendering. Explicitly configure spring.jpa.open-in-view to disable this warning 
2021-05-29T15:27:59,278 TRACE [main]: UserServiceImpl                      - User service - find by username Greg 
2021-05-29T15:35:14,449 WARN  [main]: aseConfiguration$JpaWebConfiguration - spring.jpa.open-in-view is enabled by default. Therefore, database queries may be performed during view rendering. Explicitly configure spring.jpa.open-in-view to disable this warning 
2021-05-29T15:35:19,467 TRACE [main]: UserServiceImpl                      - User service - find by username Amy 
2021-05-29T15:36:00,907 WARN  [main]: aseConfiguration$JpaWebConfiguration - spring.jpa.open-in-view is enabled by default. Therefore, database queries may be performed during view rendering. Explicitly configure spring.jpa.open-in-view to disable this warning 
2021-05-29T15:36:05,767 TRACE [main]: UserServiceImpl                      - User service - find by username Amy 
2021-05-29T15:36:06,324 TRACE [main]: PaperServiceImpl                     - Paper service = findPapersToReview - cid 2, username Amy 
2021-05-29T15:36:06,331 TRACE [main]: PCMemberRepoImpl                     - Searching pcmember by username and conf id with PAPERS - Amy, 2 
2021-05-29T15:36:06,362 TRACE [main]: PaperServiceImpl                     - Paper service - find papers to review - fetching data 
